Build started 11/27/2013 4:42:50 PM.
     1>Project "C:\Users\juliew\Documents\GitHub\intel_occlusion_cull\SoftwareOcclusionCulling\SoftwareOcclusionCullingDX_2010.vcxproj" on node 2 (Build target(s)).
     1>Link:
         C:\Program Files (x86)\Microsoft Visual Studio 10.0\VC\bin\link.exe /ERRORREPORT:PROMPT /OUT:"C:\Users\juliew\Documents\GitHub\intel_occlusion_cull\SoftwareOcclusionCulling\SoftwareOcclusionCullingDX_2010_D32.exe" /INCREMENTAL /NOLOGO /LIBPATH:C:\Users\juliew\Documents\GitHub\intel_occlusion_cull\SoftwareOcclusionCulling\..\SampleComponents\Middleware\TBB\lib\x86\Debug "CPUT-DX11_32D.lib" d3d11.lib d3dcompiler.lib d3dx11d.lib d3dx9d.lib dxerr.lib dxguid.lib kernel32.lib user32.lib gdi32.lib winspool.lib comdlg32.lib advapi32.lib shell32.lib ole32.lib oleaut32.lib uuid.lib odbc32.lib odbccp32.lib SampleComponents.lib kernel32.lib user32.lib gdi32.lib winspool.lib comdlg32.lib advapi32.lib shell32.lib ole32.lib oleaut32.lib uuid.lib odbc32.lib odbccp32.lib /MANIFEST /ManifestFile:"Debug\SoftwareOcclusionCullingDX_2010_D32.exe.intermediate.manifest" /MANIFESTUAC:"level='asInvoker' uiAccess='false'" /DEBUG /PDB:"C:\Users\juliew\Documents\GitHub\intel_occlusion_cull\SoftwareOcclusionCulling\SoftwareOcclusionCullingDX_2010_D32.pdb" /SUBSYSTEM:WINDOWS /TLBID:1 /DYNAMICBASE /NXCOMPAT /IMPLIB:"C:\Users\juliew\Documents\GitHub\intel_occlusion_cull\SoftwareOcclusionCulling\SoftwareOcclusionCullingDX_2010_D32.lib" /MACHINE:X86 Debug\SoftwareOcclusionCullingDX_2010.res
         Debug\SoftwareOcclusionCullingDX_2010_D32.exe.embed.manifest.res
         Debug\AABBoxRasterizer.obj
         Debug\AABBoxRasterizerScalar.obj
         Debug\AABBoxRasterizerScalarMT.obj
         Debug\AABBoxRasterizerScalarST.obj
         Debug\AABBoxRasterizerSSE.obj
         Debug\AABBoxRasterizerSSEMT.obj
         Debug\AABBoxRasterizerSSEST.obj
         Debug\DepthBufferRasterizer.obj
         Debug\DepthBufferRasterizerScalar.obj
         Debug\DepthBufferRasterizerScalarMT.obj
         Debug\DepthBufferRasterizerScalarST.obj
         Debug\DepthBufferRasterizerSSE.obj
         Debug\DepthBufferRasterizerSSEMT.obj
         Debug\DepthBufferRasterizerSSEST.obj
         Debug\HelperScalar.obj
         Debug\HelperSSE.obj
         Debug\main.obj
         Debug\SoftwareOcclusionCulling.obj
         Debug\TransformedAABBoxScalar.obj
         Debug\TransformedAABBoxSSE.obj
         Debug\TransformedMeshScalar.obj
         Debug\TransformedMeshSSE.obj
         Debug\TransformedModelScalar.obj
         Debug\TransformedModelSSE.obj
     1>tbb_debug.lib(tbb_debug.dll) : fatal error LNK1112: module machine type 'x64' conflicts with target machine type 'X86'
     1>Done Building Project "C:\Users\juliew\Documents\GitHub\intel_occlusion_cull\SoftwareOcclusionCulling\SoftwareOcclusionCullingDX_2010.vcxproj" (Build target(s)) -- FAILED.

Build FAILED.

Time Elapsed 00:00:00.29
